<?xml version="1.0" encoding="UTF-8"?>
<beans xmlns="http://www.springframework.org/schema/beans"
	xmlns:xsi="http://www.w3.org/2001/XMLSchema-instance"
	xmlns:context="http://www.springframework.org/schema/context"
	xmlns:util="http://www.springframework.org/schema/util"
	xmlns:task="http://www.springframework.org/schema/task"
	xsi:schemaLocation="http://www.springframework.org/schema/task http://www.springframework.org/schema/task/spring-task-3.2.xsd
		http://www.springframework.org/schema/beans http://www.springframework.org/schema/beans/spring-beans.xsd
		http://www.springframework.org/schema/util http://www.springframework.org/schema/util/spring-util-3.2.xsd
		http://www.springframework.org/schema/context http://www.springframework.org/schema/context/spring-context-3.2.xsd">
  	
    <bean id="job1InputProducer" class="com.talentica.job4j.test.job1.Job1InputProducer"/>
    <bean id="job1Task" class="com.talentica.job4j.test.job1.Job1Task" scope="prototype"/>
    <bean id="job1OutputConsumer" class="com.talentica.job4j.test.job1.Job1OutputConsumer"/> 
 	
	<bean id="testJob1" class="com.talentica.job4j.impl.queue.QueueJob">
		<property name="name" value="TestJob1" />
		<property name="startCronSchedule" value="0 10 * * *" />
		<property name="stopCronSchedule" value="55 16 * * *" />				
		<property name="timeZone" value="IST" />
		
		<property name="inputProducer" ref="job1InputProducer" />		
		<property name="task" ref="job1Task" />
		<property name="outputConsumer" ref="job1OutputConsumer" />	
		
		<property name="maxThreadCount" value="5" />
  		<property name="threadSleepTime" value="4000" />
	</bean>

</beans>

